# JRE version: OpenJDK Runtime Environment (15.0.1+9) (build 15.0.1+9-18)
# Java VM: OpenJDK 64-Bit Server VM (15.0.1+9-18, mixed mode, tiered, compressed oops, g1 gc, windows-amd64)
GC Precious Log:
 CPUs: 8 total, 8 available
 Memory: 7778M
 Large Page Support: Disabled
 NUMA Support: Disabled
 Compressed Oops: Enabled (32-bit)
 Heap Region Size: 1M
 Heap Min Capacity: 8M
 Heap Initial Capacity: 122M
 Heap Max Capacity: 1946M
 Pre-touch: Disabled
 Parallel Workers: 8
 Concurrent Workers: 2
 Concurrent Refinement Workers: 8
 Periodic GC: Disabled
Heap:
 garbage-first heap   total 72704K, used 24020K [0x0000000086600000, 0x0000000100000000)
  region size 1024K, 4 young (4096K), 1 survivors (1024K)
 Metaspace       used 33918K, capacity 34332K, committed 34432K, reserved 1081344K
  class space    used 3255K, capacity 3399K, committed 3456K, reserved 1048576K
GC Heap History (20 events):
Event: 927.906 GC heap before
{Heap before GC invocations=226 (full 0):
 garbage-first heap   total 72704K, used 33957K [0x0000000086600000, 0x0000000100000000)
  region size 1024K, 3 young (3072K), 1 survivors (1024K)
 Metaspace       used 33872K, capacity 34267K, committed 34432K, reserved 1081344K
  class space    used 3254K, capacity 3399K, committed 3456K, reserved 1048576K
}
Event: 927.908 GC heap after
{Heap after GC invocations=227 (full 0):
 garbage-first heap   total 72704K, used 24751K [0x0000000086600000, 0x0000000100000000)
  region size 1024K, 1 young (1024K), 1 survivors (1024K)
 Metaspace       used 33872K, capacity 34267K, committed 34432K, reserved 1081344K
  class space    used 3254K, capacity 3399K, committed 3456K, reserved 1048576K
}
Event: 927.953 GC heap before
{Heap before GC invocations=228 (full 0):
 garbage-first heap   total 72704K, used 29871K [0x0000000086600000, 0x0000000100000000)
  region size 1024K, 2 young (2048K), 1 survivors (1024K)
 Metaspace       used 33872K, capacity 34267K, committed 34432K, reserved 1081344K
  class space    used 3254K, capacity 3399K, committed 3456K, reserved 1048576K
}
Event: 927.955 GC heap after
{Heap after GC invocations=229 (full 0):
 garbage-first heap   total 72704K, used 21668K [0x0000000086600000, 0x0000000100000000)
  region size 1024K, 1 young (1024K), 1 survivors (1024K)
 Metaspace       used 33872K, capacity 34267K, committed 34432K, reserved 1081344K
  class space    used 3254K, capacity 3399K, committed 3456K, reserved 1048576K
}
Event: 928.004 GC heap before
{Heap before GC invocations=230 (full 0):
 garbage-first heap   total 72704K, used 31908K [0x0000000086600000, 0x0000000100000000)
  region size 1024K, 2 young (2048K), 1 survivors (1024K)
 Metaspace       used 33872K, capacity 34267K, committed 34432K, reserved 1081344K
  class space    used 3254K, capacity 3399K, committed 3456K, reserved 1048576K
}
Event: 928.005 GC heap after
{Heap after GC invocations=231 (full 0):
 garbage-first heap   total 72704K, used 26796K [0x0000000086600000, 0x0000000100000000)
  region size 1024K, 1 young (1024K), 1 survivors (1024K)
 Metaspace       used 33872K, capacity 34267K, committed 34432K, reserved 1081344K
  class space    used 3254K, capacity 3399K, committed 3456K, reserved 1048576K
}
Event: 971.236 GC heap before
{Heap before GC invocations=232 (full 0):
 garbage-first heap   total 72704K, used 41132K [0x0000000086600000, 0x0000000100000000)
  region size 1024K, 11 young (11264K), 1 survivors (1024K)
 Metaspace       used 33878K, capacity 34267K, committed 34432K, reserved 1081344K
  class space    used 3254K, capacity 3399K, committed 3456K, reserved 1048576K
}
Event: 971.240 GC heap after
{Heap after GC invocations=233 (full 0):
 garbage-first heap   total 72704K, used 21715K [0x0000000086600000, 0x0000000100000000)
  region size 1024K, 1 young (1024K), 1 survivors (1024K)
 Metaspace       used 33878K, capacity 34267K, committed 34432K, reserved 1081344K
  class space    used 3254K, capacity 3399K, committed 3456K, reserved 1048576K
}
Event: 972.301 GC heap before
{Heap before GC invocations=234 (full 0):
 garbage-first heap   total 72704K, used 64723K [0x0000000086600000, 0x0000000100000000)
  region size 1024K, 38 young (38912K), 1 survivors (1024K)
 Metaspace       used 33878K, capacity 34267K, committed 34432K, reserved 1081344K
  class space    used 3254K, capacity 3399K, committed 3456K, reserved 1048576K
}
Event: 972.303 GC heap after
{Heap after GC invocations=235 (full 0):
 garbage-first heap   total 72704K, used 21895K [0x0000000086600000, 0x0000000100000000)
  region size 1024K, 1 young (1024K), 1 survivors (1024K)
 Metaspace       used 33878K, capacity 34267K, committed 34432K, reserved 1081344K
  class space    used 3254K, capacity 3399K, committed 3456K, reserved 1048576K
}
Event: 976.317 GC heap before
{Heap before GC invocations=235 (full 0):
 garbage-first heap   total 72704K, used 49543K [0x0000000086600000, 0x0000000100000000)
  region size 1024K, 21 young (21504K), 1 survivors (1024K)
 Metaspace       used 33881K, capacity 34267K, committed 34432K, reserved 1081344K
  class space    used 3254K, capacity 3399K, committed 3456K, reserved 1048576K
}
Event: 976.318 GC heap after
{Heap after GC invocations=236 (full 0):
 garbage-first heap   total 72704K, used 24885K [0x0000000086600000, 0x0000000100000000)
  region size 1024K, 1 young (1024K), 1 survivors (1024K)
 Metaspace       used 33881K, capacity 34267K, committed 34432K, reserved 1081344K
  class space    used 3254K, capacity 3399K, committed 3456K, reserved 1048576K
}
Event: 976.360 GC heap before
{Heap before GC invocations=237 (full 0):
 garbage-first heap   total 72704K, used 28981K [0x0000000086600000, 0x0000000100000000)
  region size 1024K, 2 young (2048K), 1 survivors (1024K)
 Metaspace       used 33881K, capacity 34267K, committed 34432K, reserved 1081344K
  class space    used 3254K, capacity 3399K, committed 3456K, reserved 1048576K
}
Event: 976.362 GC heap after
{Heap after GC invocations=238 (full 0):
 garbage-first heap   total 72704K, used 19662K [0x0000000086600000, 0x0000000100000000)
  region size 1024K, 1 young (1024K), 1 survivors (1024K)
 Metaspace       used 33881K, capacity 34267K, committed 34432K, reserved 1081344K
  class space    used 3254K, capacity 3399K, committed 3456K, reserved 1048576K
}
Event: 976.964 GC heap before
{Heap before GC invocations=239 (full 0):
 garbage-first heap   total 72704K, used 29902K [0x0000000086600000, 0x0000000100000000)
  region size 1024K, 3 young (3072K), 1 survivors (1024K)
 Metaspace       used 33881K, capacity 34267K, committed 34432K, reserved 1081344K
  class space    used 3254K, capacity 3399K, committed 3456K, reserved 1048576K
}
Event: 976.965 GC heap after
{Heap after GC invocations=240 (full 0):
 garbage-first heap   total 72704K, used 28866K [0x0000000086600000, 0x0000000100000000)
  region size 1024K, 1 young (1024K), 1 survivors (1024K)
 Metaspace       used 33881K, capacity 34267K, committed 34432K, reserved 1081344K
  class space    used 3254K, capacity 3399K, committed 3456K, reserved 1048576K
}
Event: 1453.500 GC heap before
{Heap before GC invocations=241 (full 0):
 garbage-first heap   total 72704K, used 37058K [0x0000000086600000, 0x0000000100000000)
  region size 1024K, 5 young (5120K), 1 survivors (1024K)
 Metaspace       used 33896K, capacity 34331K, committed 34432K, reserved 1081344K
  class space    used 3255K, capacity 3399K, committed 3456K, reserved 1048576K
}
Event: 1453.504 GC heap after
{Heap after GC invocations=242 (full 0):
 garbage-first heap   total 72704K, used 21728K [0x0000000086600000, 0x0000000100000000)
  region size 1024K, 1 young (1024K), 1 survivors (1024K)
 Metaspace       used 33896K, capacity 34331K, committed 34432K, reserved 1081344K
  class space    used 3255K, capacity 3399K, committed 3456K, reserved 1048576K
}
Event: 1474.794 GC heap before
{Heap before GC invocations=243 (full 0):
 garbage-first heap   total 72704K, used 65760K [0x0000000086600000, 0x0000000100000000)
  region size 1024K, 39 young (39936K), 1 survivors (1024K)
 Metaspace       used 33903K, capacity 34331K, committed 34432K, reserved 1081344K
  class space    used 3255K, capacity 3399K, committed 3456K, reserved 1048576K
}
Event: 1474.796 GC heap after
{Heap after GC invocations=244 (full 0):
 garbage-first heap   total 72704K, used 21972K [0x0000000086600000, 0x0000000100000000)
  region size 1024K, 1 young (1024K), 1 survivors (1024K)
 Metaspace       used 33903K, capacity 34331K, committed 34432K, reserved 1081344K
  class space    used 3255K, capacity 3399K, committed 3456K, reserved 1048576K
}

