# JRE version: OpenJDK Runtime Environment (15.0.1+9) (build 15.0.1+9-18)
# Java VM: OpenJDK 64-Bit Server VM (15.0.1+9-18, mixed mode, tiered, compressed oops, g1 gc, windows-amd64)
GC Precious Log:
 CPUs: 8 total, 8 available
 Memory: 7778M
 Large Page Support: Disabled
 NUMA Support: Disabled
 Compressed Oops: Enabled (32-bit)
 Heap Region Size: 1M
 Heap Min Capacity: 8M
 Heap Initial Capacity: 122M
 Heap Max Capacity: 1946M
 Pre-touch: Disabled
 Parallel Workers: 8
 Concurrent Workers: 2
 Concurrent Refinement Workers: 8
 Periodic GC: Disabled
Heap:
 garbage-first heap   total 43008K, used 21736K [0x0000000086600000, 0x0000000100000000)
  region size 1024K, 7 young (7168K), 1 survivors (1024K)
 Metaspace       used 34391K, capacity 34818K, committed 34944K, reserved 1081344K
  class space    used 3325K, capacity 3449K, committed 3456K, reserved 1048576K
GC Heap History (20 events):
Event: 86.121 GC heap before
{Heap before GC invocations=58 (full 0):
 garbage-first heap   total 35840K, used 28846K [0x0000000086600000, 0x0000000100000000)
  region size 1024K, 13 young (13312K), 1 survivors (1024K)
 Metaspace       used 34257K, capacity 34620K, committed 34688K, reserved 1081344K
  class space    used 3280K, capacity 3406K, committed 3456K, reserved 1048576K
}
Event: 86.124 GC heap after
{Heap after GC invocations=59 (full 0):
 garbage-first heap   total 43008K, used 16569K [0x0000000086600000, 0x0000000100000000)
  region size 1024K, 1 young (1024K), 1 survivors (1024K)
 Metaspace       used 34257K, capacity 34620K, committed 34688K, reserved 1081344K
  class space    used 3280K, capacity 3406K, committed 3456K, reserved 1048576K
}
Event: 118.565 GC heap before
{Heap before GC invocations=60 (full 0):
 garbage-first heap   total 43008K, used 35001K [0x0000000086600000, 0x0000000100000000)
  region size 1024K, 19 young (19456K), 1 survivors (1024K)
 Metaspace       used 34288K, capacity 34684K, committed 34944K, reserved 1081344K
  class space    used 3286K, capacity 3406K, committed 3456K, reserved 1048576K
}
Event: 118.569 GC heap after
{Heap after GC invocations=61 (full 0):
 garbage-first heap   total 43008K, used 16605K [0x0000000086600000, 0x0000000100000000)
  region size 1024K, 1 young (1024K), 1 survivors (1024K)
 Metaspace       used 34288K, capacity 34684K, committed 34944K, reserved 1081344K
  class space    used 3286K, capacity 3406K, committed 3456K, reserved 1048576K
}
Event: 118.645 GC heap before
{Heap before GC invocations=61 (full 0):
 garbage-first heap   total 43008K, used 35037K [0x0000000086600000, 0x0000000100000000)
  region size 1024K, 19 young (19456K), 1 survivors (1024K)
 Metaspace       used 34289K, capacity 34684K, committed 34944K, reserved 1081344K
  class space    used 3286K, capacity 3406K, committed 3456K, reserved 1048576K
}
Event: 118.646 GC heap after
{Heap after GC invocations=62 (full 0):
 garbage-first heap   total 43008K, used 16613K [0x0000000086600000, 0x0000000100000000)
  region size 1024K, 1 young (1024K), 1 survivors (1024K)
 Metaspace       used 34289K, capacity 34684K, committed 34944K, reserved 1081344K
  class space    used 3286K, capacity 3406K, committed 3456K, reserved 1048576K
}
Event: 118.710 GC heap before
{Heap before GC invocations=62 (full 0):
 garbage-first heap   total 43008K, used 35045K [0x0000000086600000, 0x0000000100000000)
  region size 1024K, 19 young (19456K), 1 survivors (1024K)
 Metaspace       used 34289K, capacity 34684K, committed 34944K, reserved 1081344K
  class space    used 3286K, capacity 3406K, committed 3456K, reserved 1048576K
}
Event: 118.711 GC heap after
{Heap after GC invocations=63 (full 0):
 garbage-first heap   total 43008K, used 16627K [0x0000000086600000, 0x0000000100000000)
  region size 1024K, 1 young (1024K), 1 survivors (1024K)
 Metaspace       used 34289K, capacity 34684K, committed 34944K, reserved 1081344K
  class space    used 3286K, capacity 3406K, committed 3456K, reserved 1048576K
}
Event: 118.774 GC heap before
{Heap before GC invocations=63 (full 0):
 garbage-first heap   total 43008K, used 35059K [0x0000000086600000, 0x0000000100000000)
  region size 1024K, 19 young (19456K), 1 survivors (1024K)
 Metaspace       used 34289K, capacity 34684K, committed 34944K, reserved 1081344K
  class space    used 3286K, capacity 3406K, committed 3456K, reserved 1048576K
}
Event: 118.776 GC heap after
{Heap after GC invocations=64 (full 0):
 garbage-first heap   total 43008K, used 16616K [0x0000000086600000, 0x0000000100000000)
  region size 1024K, 1 young (1024K), 1 survivors (1024K)
 Metaspace       used 34289K, capacity 34684K, committed 34944K, reserved 1081344K
  class space    used 3286K, capacity 3406K, committed 3456K, reserved 1048576K
}
Event: 119.162 GC heap before
{Heap before GC invocations=64 (full 0):
 garbage-first heap   total 43008K, used 35048K [0x0000000086600000, 0x0000000100000000)
  region size 1024K, 19 young (19456K), 1 survivors (1024K)
 Metaspace       used 34289K, capacity 34684K, committed 34944K, reserved 1081344K
  class space    used 3286K, capacity 3406K, committed 3456K, reserved 1048576K
}
Event: 119.164 GC heap after
{Heap after GC invocations=65 (full 0):
 garbage-first heap   total 43008K, used 16613K [0x0000000086600000, 0x0000000100000000)
  region size 1024K, 1 young (1024K), 1 survivors (1024K)
 Metaspace       used 34289K, capacity 34684K, committed 34944K, reserved 1081344K
  class space    used 3286K, capacity 3406K, committed 3456K, reserved 1048576K
}
Event: 119.252 GC heap before
{Heap before GC invocations=65 (full 0):
 garbage-first heap   total 43008K, used 35045K [0x0000000086600000, 0x0000000100000000)
  region size 1024K, 19 young (19456K), 1 survivors (1024K)
 Metaspace       used 34292K, capacity 34684K, committed 34944K, reserved 1081344K
  class space    used 3286K, capacity 3406K, committed 3456K, reserved 1048576K
}
Event: 119.254 GC heap after
{Heap after GC invocations=66 (full 0):
 garbage-first heap   total 43008K, used 16621K [0x0000000086600000, 0x0000000100000000)
  region size 1024K, 1 young (1024K), 1 survivors (1024K)
 Metaspace       used 34292K, capacity 34684K, committed 34944K, reserved 1081344K
  class space    used 3286K, capacity 3406K, committed 3456K, reserved 1048576K
}
Event: 119.329 GC heap before
{Heap before GC invocations=66 (full 0):
 garbage-first heap   total 43008K, used 35053K [0x0000000086600000, 0x0000000100000000)
  region size 1024K, 19 young (19456K), 1 survivors (1024K)
 Metaspace       used 34292K, capacity 34684K, committed 34944K, reserved 1081344K
  class space    used 3286K, capacity 3406K, committed 3456K, reserved 1048576K
}
Event: 119.331 GC heap after
{Heap after GC invocations=67 (full 0):
 garbage-first heap   total 43008K, used 16619K [0x0000000086600000, 0x0000000100000000)
  region size 1024K, 1 young (1024K), 1 survivors (1024K)
 Metaspace       used 34292K, capacity 34684K, committed 34944K, reserved 1081344K
  class space    used 3286K, capacity 3406K, committed 3456K, reserved 1048576K
}
Event: 223.596 GC heap before
{Heap before GC invocations=67 (full 0):
 garbage-first heap   total 43008K, used 35051K [0x0000000086600000, 0x0000000100000000)
  region size 1024K, 19 young (19456K), 1 survivors (1024K)
 Metaspace       used 34329K, capacity 34716K, committed 34944K, reserved 1081344K
  class space    used 3305K, capacity 3438K, committed 3456K, reserved 1048576K
}
Event: 223.599 GC heap after
{Heap after GC invocations=68 (full 0):
 garbage-first heap   total 43008K, used 16617K [0x0000000086600000, 0x0000000100000000)
  region size 1024K, 1 young (1024K), 1 survivors (1024K)
 Metaspace       used 34329K, capacity 34716K, committed 34944K, reserved 1081344K
  class space    used 3305K, capacity 3438K, committed 3456K, reserved 1048576K
}
Event: 242.304 GC heap before
{Heap before GC invocations=68 (full 0):
 garbage-first heap   total 43008K, used 35049K [0x0000000086600000, 0x0000000100000000)
  region size 1024K, 19 young (19456K), 1 survivors (1024K)
 Metaspace       used 34329K, capacity 34716K, committed 34944K, reserved 1081344K
  class space    used 3305K, capacity 3438K, committed 3456K, reserved 1048576K
}
Event: 242.307 GC heap after
{Heap after GC invocations=69 (full 0):
 garbage-first heap   total 43008K, used 16616K [0x0000000086600000, 0x0000000100000000)
  region size 1024K, 1 young (1024K), 1 survivors (1024K)
 Metaspace       used 34329K, capacity 34716K, committed 34944K, reserved 1081344K
  class space    used 3305K, capacity 3438K, committed 3456K, reserved 1048576K
}

